[32mINFO[0m:     [26-07-2024 00:16:45] Set chroma_server_nofile to 65535
[32mINFO[0m:     [26-07-2024 00:16:46] Anonymized telemetry enabled. See                     https://docs.trychroma.com/telemetry for more information.
[36mDEBUG[0m:    [26-07-2024 00:16:46] Starting component System
[36mDEBUG[0m:    [26-07-2024 00:16:46] Starting component OpenTelemetryClient
[36mDEBUG[0m:    [26-07-2024 00:16:46] Starting component SqliteDB
[36mDEBUG[0m:    [26-07-2024 00:16:46] Starting component QuotaEnforcer
[36mDEBUG[0m:    [26-07-2024 00:16:46] Starting component Posthog
[36mDEBUG[0m:    [26-07-2024 00:16:46] Starting component LocalSegmentManager
[36mDEBUG[0m:    [26-07-2024 00:16:46] Starting component SegmentAPI
[32mINFO[0m:     [26-07-2024 00:16:46] Started server process [[36m25452[0m]
[32mINFO[0m:     [26-07-2024 00:16:46] Waiting for application startup.
[32mINFO[0m:     [26-07-2024 00:16:46] Application startup complete.
[32mINFO[0m:     [26-07-2024 00:16:46] Uvicorn running on [1mhttp://localhost:8000[0m (Press CTRL+C to quit)
[32mINFO[0m:     [26-07-2024 00:28:42] Shutting down
[32mINFO[0m:     [26-07-2024 00:28:42] Waiting for application shutdown.
[36mDEBUG[0m:    [26-07-2024 00:28:42] Stopping component System
[36mDEBUG[0m:    [26-07-2024 00:28:42] Stopping component SegmentAPI
[36mDEBUG[0m:    [26-07-2024 00:28:42] Stopping component LocalSegmentManager
[36mDEBUG[0m:    [26-07-2024 00:28:42] Stopping component Posthog
[36mDEBUG[0m:    [26-07-2024 00:28:42] Stopping component QuotaEnforcer
[36mDEBUG[0m:    [26-07-2024 00:28:42] Stopping component SqliteDB
[36mDEBUG[0m:    [26-07-2024 00:28:42] Stopping component OpenTelemetryClient
[32mINFO[0m:     [26-07-2024 00:28:42] Application shutdown complete.
[32mINFO[0m:     [26-07-2024 00:28:42] Finished server process [[36m25452[0m]
